Using pre-set license
Built from '2022.3/staging' branch; Version is '2022.3.44f1 (c3ae09b9f03c) revision 12824073'; Using compiler version '192829333'; Build Type 'Release'
OS: 'Windows 10  (10.0.19045) 64bit Core' Language: 'en' Physical Memory: 32509 MB
BatchMode: 1, IsHumanControllingUs: 0, StartBugReporterOnCrash: 0, Is64bit: 1, IsPro: 1

COMMAND LINE ARGUMENTS:
C:\Program Files\Unity\Hub\Editor\2022.3.44f1\Editor\Unity.exe
-adb2
-batchMode
-noUpm
-name
AssetImportWorker0
-projectPath
C:/Users/Hayden/Desktop/school/VXR4/VXR4
-logFile
Logs/AssetImportWorker0.log
-srvPort
50638
Successfully changed project path to: C:/Users/Hayden/Desktop/school/VXR4/VXR4
C:/Users/Hayden/Desktop/school/VXR4/VXR4
[UnityMemory] Configuration Parameters - Can be set up in boot.config
    "memorysetup-bucket-allocator-granularity=16"
    "memorysetup-bucket-allocator-bucket-count=8"
    "memorysetup-bucket-allocator-block-size=33554432"
    "memorysetup-bucket-allocator-block-count=8"
    "memorysetup-main-allocator-block-size=16777216"
    "memorysetup-thread-allocator-block-size=16777216"
    "memorysetup-gfx-main-allocator-block-size=16777216"
    "memorysetup-gfx-thread-allocator-block-size=16777216"
    "memorysetup-cache-allocator-block-size=4194304"
    "memorysetup-typetree-allocator-block-size=2097152"
    "memorysetup-profiler-bucket-allocator-granularity=16"
    "memorysetup-profiler-bucket-allocator-bucket-count=8"
    "memorysetup-profiler-bucket-allocator-block-size=33554432"
    "memorysetup-profiler-bucket-allocator-block-count=8"
    "memorysetup-profiler-allocator-block-size=16777216"
    "memorysetup-profiler-editor-allocator-block-size=1048576"
    "memorysetup-temp-allocator-size-main=16777216"
    "memorysetup-job-temp-allocator-block-size=2097152"
    "memorysetup-job-temp-allocator-block-size-background=1048576"
    "memorysetup-job-temp-allocator-reduction-small-platforms=262144"
    "memorysetup-allocator-temp-initial-block-size-main=262144"
    "memorysetup-allocator-temp-initial-block-size-worker=262144"
    "memorysetup-temp-allocator-size-background-worker=32768"
    "memorysetup-temp-allocator-size-job-worker=262144"
    "memorysetup-temp-allocator-size-preload-manager=33554432"
    "memorysetup-temp-allocator-size-nav-mesh-worker=65536"
    "memorysetup-temp-allocator-size-audio-worker=65536"
    "memorysetup-temp-allocator-size-cloud-worker=32768"
    "memorysetup-temp-allocator-size-gi-baking-worker=262144"
    "memorysetup-temp-allocator-size-gfx=262144"
Player connection [58504]  Target information:

Player connection [58504]  * "[IP] 192.168.50.41 [Port] 0 [Flags] 2 [Guid] 1638581279 [EditorId] 1638581279 [Version] 1048832 [Id] WindowsEditor(7,Petrichor-VII) [Debug] 1 [PackageName] WindowsEditor [ProjectName] Editor" 

Player connection [58504]  * "[IP] 192.168.56.1 [Port] 0 [Flags] 2 [Guid] 1638581279 [EditorId] 1638581279 [Version] 1048832 [Id] WindowsEditor(7,Petrichor-VII) [Debug] 1 [PackageName] WindowsEditor [ProjectName] Editor" 

Player connection [58504]  * "[IP] 26.8.95.116 [Port] 0 [Flags] 2 [Guid] 1638581279 [EditorId] 1638581279 [Version] 1048832 [Id] WindowsEditor(7,Petrichor-VII) [Debug] 1 [PackageName] WindowsEditor [ProjectName] Editor" 

Player connection [58504] Host joined multi-casting on [225.0.0.222:54997]...
Player connection [58504] Host joined alternative multi-casting on [225.0.0.222:34997]...
[PhysX] Initialized MultithreadedTaskDispatcher with 24 workers.
Refreshing native plugins compatible for Editor in 32.68 ms, found 13 plugins.
Unity memory allocator detected: MetaXRAudio native memory allocations will be tracked.
Preloading 3 native plugins for Editor in 3.35 ms.
Initialize engine version: 2022.3.44f1 (c3ae09b9f03c)
[Subsystems] Discovering subsystems at path C:/Program Files/Unity/Hub/Editor/2022.3.44f1/Editor/Data/Resources/UnitySubsystems
[Subsystems] Discovering subsystems at path C:/Users/Hayden/Desktop/school/VXR4/VXR4/Assets
GfxDevice: creating device client; threaded=0; jobified=0
Direct3D:
    Version:  Direct3D 11.0 [level 11.1]
    Renderer: NVIDIA GeForce RTX 4060 Ti (ID=0x2803)
    Vendor:   NVIDIA
    VRAM:     7949 MB
    Driver:   32.0.15.7602
Initialize mono
Mono path[0] = 'C:/Program Files/Unity/Hub/Editor/2022.3.44f1/Editor/Data/Managed'
Mono path[1] = 'C:/Program Files/Unity/Hub/Editor/2022.3.44f1/Editor/Data/MonoBleedingEdge/lib/mono/unityjit-win32'
Mono config path = 'C:/Program Files/Unity/Hub/Editor/2022.3.44f1/Editor/Data/MonoBleedingEdge/etc'
Using monoOptions --debugger-agent=transport=dt_socket,embedding=1,server=y,suspend=n,address=127.0.0.1:56296
Begin MonoManager ReloadAssembly
Registering precompiled unity dll's ...
Register platform support module: C:/Program Files/Unity/Hub/Editor/2022.3.44f1/Editor/Data/PlaybackEngines/AndroidPlayer/UnityEditor.Android.Extensions.dll
Register platform support module: C:/Program Files/Unity/Hub/Editor/2022.3.44f1/Editor/Data/PlaybackEngines/WindowsStandaloneSupport/UnityEditor.WindowsStandalone.Extensions.dll
Registered in 0.015421 seconds.
- Loaded All Assemblies, in  0.388 seconds
Native extension for WindowsStandalone target not found
Native extension for Android target not found
Android Extension - Scanning For ADB Devices 292 ms
Mono: successfully reloaded assembly
- Finished resetting the current domain, in  0.603 seconds
Domain Reload Profiling: 988ms
	BeginReloadAssembly (122ms)
		ExecutionOrderSort (0ms)
		DisableScriptedObjects (0ms)
		BackupInstance (0ms)
		ReleaseScriptingObjects (0ms)
		CreateAndSetChildDomain (1ms)
	RebuildCommonClasses (32ms)
	RebuildNativeTypeToScriptingClass (10ms)
	initialDomainReloadingComplete (74ms)
	LoadAllAssembliesAndSetupDomain (146ms)
		LoadAssemblies (120ms)
		RebuildTransferFunctionScriptingTraits (0ms)
		AnalyzeDomain (143ms)
			TypeCache.Refresh (142ms)
				TypeCache.ScanAssembly (127ms)
			ScanForSourceGeneratedMonoScriptInfo (0ms)
			ResolveRequiredComponents (0ms)
	FinalizeReload (603ms)
		ReleaseScriptCaches (0ms)
		RebuildScriptCaches (0ms)
		SetupLoadedEditorAssemblies (559ms)
			LogAssemblyErrors (0ms)
			InitializePlatformSupportModulesInManaged (390ms)
			SetLoadedEditorAssemblies (4ms)
			RefreshPlugins (0ms)
			BeforeProcessingInitializeOnLoad (2ms)
			ProcessInitializeOnLoadAttributes (113ms)
			ProcessInitializeOnLoadMethodAttributes (49ms)
			AfterProcessingInitializeOnLoad (0ms)
			EditorAssembliesLoaded (0ms)
		ExecutionOrderSort2 (0ms)
		AwakeInstancesAfterBackupRestoration (0ms)
========================================================================
Worker process is ready to serve import requests
Caller must complete domain reload
Begin MonoManager ReloadAssembly
Symbol file LoadedFromMemory is not a mono symbol file
- Loaded All Assemblies, in  1.133 seconds
Native extension for WindowsStandalone target not found
Native extension for Android target not found
Package Manager log level set to [2]
[Package Manager] Server::EnsureServerProcessIsRunning -- launch failed, reason: Unity was launched with the -noUpm command-line argument
[Package Manager] UpmClient::Send -- Unable to send message (not connected to UPM process).
[Package Manager] Cannot connect to Unity Package Manager local server
[Package Manager] Server::EnsureServerProcessIsRunning -- launch failed, reason: Unity was launched with the -noUpm command-line argument
[Package Manager] UpmClient::Send -- Unable to send message (not connected to UPM process).
[Package Manager] Cannot connect to Unity Package Manager local server
System.Reflection.TargetInvocationException: Exception has been thrown by the target of an invocation. ---> System.NullReferenceException: Object reference not set to an instance of an object
  at Unity.XR.Oculus.OculusLoader.AssetPathToAbsolutePath (System.String assetPath) [0x0003d] in .\Library\PackageCache\com.unity.xr.oculus@4.2.0\Runtime\OculusLoader.cs:298 
  at Unity.XR.Oculus.OculusLoader.EditorLoadOVRPlugin () [0x0008c] in .\Library\PackageCache\com.unity.xr.oculus@4.2.0\Runtime\OculusLoader.cs:283 
  at (wrapper managed-to-native) System.Reflection.RuntimeMethodInfo.InternalInvoke(System.Reflection.RuntimeMethodInfo,object,object[],System.Exception&)
  at System.Reflection.RuntimeMethodInfo.Invoke (System.Object obj, System.Reflection.BindingFlags invokeAttr, System.Reflection.Binder binder, System.Object[] parameters, System.Globalization.CultureInfo culture) [0x0006a] in <8ce0bd04a7a04b4b9395538239d3fdd8>:0 
   --- End of inner exception stack trace ---
  at System.Reflection.RuntimeMethodInfo.Invoke (System.Object obj, System.Reflection.BindingFlags invokeAttr, System.Reflection.Binder binder, System.Object[] parameters, System.Globalization.CultureInfo culture) [0x00083] in <8ce0bd04a7a04b4b9395538239d3fdd8>:0 
  at System.Reflection.MethodBase.Invoke (System.Object obj, System.Object[] parameters) [0x00000] in <8ce0bd04a7a04b4b9395538239d3fdd8>:0 
  at UnityEditor.EditorAssemblies.ProcessInitializeOnLoadMethodAttributes () [0x000a5] in <50e19b0ed93a4256b2e454b4acec2d48>:0 
UnityEngine.StackTraceUtility:ExtractStackTrace ()
UnityEngine.DebugLogHandler:LogFormat (UnityEngine.LogType,UnityEngine.Object,string,object[])
UnityEngine.Logger:Log (UnityEngine.LogType,object)
UnityEngine.Debug:LogError (object)
UnityEditor.EditorAssemblies:ProcessInitializeOnLoadMethodAttributes ()

Mono: successfully reloaded assembly
[Package Manager] Server::EnsureServerProcessIsRunning -- launch failed, reason: Unity was launched with the -noUpm command-line argument
[Package Manager] UpmClient::Send -- Unable to send message (not connected to UPM process).
[Package Manager] Cannot connect to Unity Package Manager local server
[Package Manager] Server::EnsureServerProcessIsRunning -- launch failed, reason: Unity was launched with the -noUpm command-line argument
[Package Manager] UpmClient::Send -- Unable to send message (not connected to UPM process).
[Package Manager] Cannot connect to Unity Package Manager local server
- Finished resetting the current domain, in  1.343 seconds
Domain Reload Profiling: 2464ms
	BeginReloadAssembly (149ms)
		ExecutionOrderSort (0ms)
		DisableScriptedObjects (5ms)
		BackupInstance (0ms)
		ReleaseScriptingObjects (0ms)
		CreateAndSetChildDomain (26ms)
	RebuildCommonClasses (32ms)
	RebuildNativeTypeToScriptingClass (10ms)
	initialDomainReloadingComplete (83ms)
	LoadAllAssembliesAndSetupDomain (847ms)
		LoadAssemblies (565ms)
		RebuildTransferFunctionScriptingTraits (0ms)
		AnalyzeDomain (366ms)
			TypeCache.Refresh (283ms)
				TypeCache.ScanAssembly (253ms)
			ScanForSourceGeneratedMonoScriptInfo (58ms)
			ResolveRequiredComponents (22ms)
	FinalizeReload (1343ms)
		ReleaseScriptCaches (0ms)
		RebuildScriptCaches (0ms)
		SetupLoadedEditorAssemblies (1076ms)
			LogAssemblyErrors (0ms)
			InitializePlatformSupportModulesInManaged (22ms)
			SetLoadedEditorAssemblies (7ms)
			RefreshPlugins (0ms)
			BeforeProcessingInitializeOnLoad (155ms)
			ProcessInitializeOnLoadAttributes (785ms)
			ProcessInitializeOnLoadMethodAttributes (96ms)
			AfterProcessingInitializeOnLoad (11ms)
			EditorAssembliesLoaded (0ms)
		ExecutionOrderSort2 (0ms)
		AwakeInstancesAfterBackupRestoration (10ms)
Shader 'Meta/MRUK/Scene/HighlightsAndShadows': fallback shader 'Off' not found
Shader 'Oculus/OVRMRCameraFrameLit': fallback shader 'Alpha-Diffuse' not found
Shader 'Oculus/OVRMRCameraFrameLit': fallback shader 'Alpha-Diffuse' not found
Shader 'Meta/MRUK/Scene/HighlightsAndShadows': fallback shader 'Off' not found
Launched and connected shader compiler UnityShaderCompiler.exe after 0.05 seconds
Refreshing native plugins compatible for Editor in 25.19 ms, found 13 plugins.
Preloading 3 native plugins for Editor in 0.18 ms.
Unloading 9123 Unused Serialized files (Serialized files now loaded: 0)
Unloading 160 unused Assets / (13.4 MB). Loaded Objects now: 9467.
Memory consumption went from 351.5 MB to 338.0 MB.
Total: 12.983800 ms (FindLiveObjects: 0.937000 ms CreateObjectMapping: 0.275300 ms MarkObjects: 8.868000 ms  DeleteObjects: 2.900900 ms)

AssetImportParameters requested are different than current active one (requested -> active):
  custom:container-demuxer-ogg: 62fdf1f143b41e24485cea50d1cbac27 -> 
  custom:framework-win-MediaFoundation: 216162199b28c13a410421893ffa2e32 -> 
  custom:container-muxer-webm: aa71ff27fc2769a1b78a27578f13a17b -> 
  custom:video-decoder-webm-vp8: 9c59270c3fd7afecdb556c50c9e8de78 -> 
  custom:SearchIndexIgnoredProperties: e643bd26f0fe6173181afceb89e7c659 -> 
  custom:AudioImporter_EditorPlatform: d09bf68614088b80899f8185d706f6e7 -> 
  custom:audio-decoder-ogg-vorbis: bf7c407c2cedff20999df2af8eb42d56 -> 
  custom:audio-encoder-webm-vorbis: bf7c407c2cedff20999df2af8eb42d56 -> 
  custom:video-decoder-ogg-theora: a1e56fd34408186e4bbccfd4996cb3dc -> 
  custom:CustomObjectIndexerAttribute: 72b91833f83ae208fae7752999fa3104 -> 
  custom:container-demuxer-webm: 4f35f7cbe854078d1ac9338744f61a02 -> 
  custom:video-encoder-webm-vp8: eb34c28f22e8b96e1ab97ce403110664 -> 
========================================================================
Received Import Request.
  Time since last request: 1390607.719421 seconds.
  path: Assets/Scenes/Start/LightingData.asset
  artifactKey: Guid(f4cef84f807902f4f932234571be7a68) Importer(815301076,1909f56bfc062723c751e8b465ee728b)
Start importing Assets/Scenes/Start/LightingData.asset using Guid(f4cef84f807902f4f932234571be7a68) Importer(815301076,1909f56bfc062723c751e8b465ee728b) [PhysX] Initialized MultithreadedTaskDispatcher with 24 workers.
 -> (artifact id: 'ea007b7c990489b0badf4dc6285b0775') in 0.042167 seconds
Number of updated asset objects reloaded before import = 0
Number of asset objects unloaded after import = 2
========================================================================
Received Import Request.
  Time since last request: 0.212852 seconds.
  path: Assets/Resources/ImmersiveDebuggerSettings.asset
  artifactKey: Guid(6a8ae77457394bd42b85f4a03215fafe) Importer(815301076,1909f56bfc062723c751e8b465ee728b)
Start importing Assets/Resources/ImmersiveDebuggerSettings.asset using Guid(6a8ae77457394bd42b85f4a03215fafe) Importer(815301076,1909f56bfc062723c751e8b465ee728b) [PhysX] Initialized MultithreadedTaskDispatcher with 24 workers.
 -> (artifact id: 'e58fdf702fedaacb1094ee6449851ae6') in 0.002609 seconds
Number of updated asset objects reloaded before import = 0
Number of asset objects unloaded after import = 1
========================================================================
Received Import Request.
  Time since last request: 0.000016 seconds.
  path: Assets/Resources/InputActions.asset
  artifactKey: Guid(8cdfbbe568549de4aafa85f83f61b684) Importer(815301076,1909f56bfc062723c751e8b465ee728b)
Start importing Assets/Resources/InputActions.asset using Guid(8cdfbbe568549de4aafa85f83f61b684) Importer(815301076,1909f56bfc062723c751e8b465ee728b) [PhysX] Initialized MultithreadedTaskDispatcher with 24 workers.
 -> (artifact id: '5683580651cd9949caf747b4eba7ebd8') in 0.002238 seconds
Number of updated asset objects reloaded before import = 0
Number of asset objects unloaded after import = 1
========================================================================
Received Import Request.
  Time since last request: 0.000018 seconds.
  path: Assets/Resources/MetaXRAudioSettings.asset
  artifactKey: Guid(30eaae5618c75074abcb66f4d8d0c4b1) Importer(815301076,1909f56bfc062723c751e8b465ee728b)
Start importing Assets/Resources/MetaXRAudioSettings.asset using Guid(30eaae5618c75074abcb66f4d8d0c4b1) Importer(815301076,1909f56bfc062723c751e8b465ee728b) [PhysX] Initialized MultithreadedTaskDispatcher with 24 workers.
 -> (artifact id: '1e1469611e070c44a0b4298413bd500c') in 0.001515 seconds
Number of updated asset objects reloaded before import = 0
Number of asset objects unloaded after import = 1
========================================================================
Received Import Request.
  Time since last request: 0.000018 seconds.
  path: Assets/Resources/OculusRuntimeSettings.asset
  artifactKey: Guid(8df453c2c4b418a49a86a82af2576d0c) Importer(815301076,1909f56bfc062723c751e8b465ee728b)
Start importing Assets/Resources/OculusRuntimeSettings.asset using Guid(8df453c2c4b418a49a86a82af2576d0c) Importer(815301076,1909f56bfc062723c751e8b465ee728b) [PhysX] Initialized MultithreadedTaskDispatcher with 24 workers.
 -> (artifact id: 'c2e1de102c55d1dc6b8837701ad230e9') in 0.001879 seconds
Number of updated asset objects reloaded before import = 0
Number of asset objects unloaded after import = 1
========================================================================
Received Import Request.
  Time since last request: 1283.753316 seconds.
  path: Assets/Samples/Meta XR Interaction ​SDK/81.0.0/Example Scenes/Resources/ISDKExampleScenes.asset
  artifactKey: Guid(448951db6f7677e448e97a7dd9d2449f) Importer(815301076,1909f56bfc062723c751e8b465ee728b)
Start importing Assets/Samples/Meta XR Interaction ​SDK/81.0.0/Example Scenes/Resources/ISDKExampleScenes.asset using Guid(448951db6f7677e448e97a7dd9d2449f) Importer(815301076,1909f56bfc062723c751e8b465ee728b) [PhysX] Initialized MultithreadedTaskDispatcher with 24 workers.
 -> (artifact id: 'a75d013c8ae1bea5d0636faffea2d2d7') in 0.101168 seconds
Number of updated asset objects reloaded before import = 0
Number of asset objects unloaded after import = 35
========================================================================
Received Import Request.
  Time since last request: 0.000023 seconds.
  path: Assets/TextMesh Pro/Shaders/TMPro_Properties.cginc
  artifactKey: Guid(3997e2241185407d80309a82f9148466) Importer(815301076,1909f56bfc062723c751e8b465ee728b)
Start importing Assets/TextMesh Pro/Shaders/TMPro_Properties.cginc using Guid(3997e2241185407d80309a82f9148466) Importer(815301076,1909f56bfc062723c751e8b465ee728b) [PhysX] Initialized MultithreadedTaskDispatcher with 24 workers.
 -> (artifact id: '9c4672a7905cd16a37cc23231120ab15') in 0.001514 seconds
Number of updated asset objects reloaded before import = 0
Number of asset objects unloaded after import = 1
========================================================================
Received Import Request.
  Time since last request: 59.358453 seconds.
  path: Assets/Audio/Instruments/Guitar/B.mp3
  artifactKey: Guid(ee2ce4feadcecfa40808de256c661dd2) Importer(815301076,1909f56bfc062723c751e8b465ee728b)
Start importing Assets/Audio/Instruments/Guitar/B.mp3 using Guid(ee2ce4feadcecfa40808de256c661dd2) Importer(815301076,1909f56bfc062723c751e8b465ee728b) [PhysX] Initialized MultithreadedTaskDispatcher with 24 workers.
[PhysX] Initialized MultithreadedTaskDispatcher with 24 workers.
 -> (artifact id: '1b9302afd3e02b2051d55391e1bef259') in 0.094157 seconds
Number of updated asset objects reloaded before import = 0
Number of asset objects unloaded after import = 2
========================================================================
Received Import Request.
  Time since last request: 0.000036 seconds.
  path: Assets/Audio/Instruments/Guitar/E.mp3
  artifactKey: Guid(ac7aea66803bb2f4e92ccc11ffe5b1e8) Importer(815301076,1909f56bfc062723c751e8b465ee728b)
Start importing Assets/Audio/Instruments/Guitar/E.mp3 using Guid(ac7aea66803bb2f4e92ccc11ffe5b1e8) Importer(815301076,1909f56bfc062723c751e8b465ee728b) [PhysX] Initialized MultithreadedTaskDispatcher with 24 workers.
[PhysX] Initialized MultithreadedTaskDispatcher with 24 workers.
 -> (artifact id: '279008e5d1a0ad6d8688b52700dfdaaa') in 0.018823 seconds
Number of updated asset objects reloaded before import = 0
Number of asset objects unloaded after import = 2
========================================================================
Received Import Request.
  Time since last request: 1409.884922 seconds.
  path: Assets/Audio/Instruments/Drum
  artifactKey: Guid(6c336ab196913c742bfb0d3f8df83953) Importer(815301076,1909f56bfc062723c751e8b465ee728b)
Start importing Assets/Audio/Instruments/Drum using Guid(6c336ab196913c742bfb0d3f8df83953) Importer(815301076,1909f56bfc062723c751e8b465ee728b) [PhysX] Initialized MultithreadedTaskDispatcher with 24 workers.
 -> (artifact id: 'cb5f8aea5dce2cd6c674733defa20075') in 0.000767 seconds
Number of updated asset objects reloaded before import = 0
Number of asset objects unloaded after import = 0
========================================================================
Received Import Request.
  Time since last request: 15.467579 seconds.
  path: Assets/Audio/Instruments/Sax
  artifactKey: Guid(1ec54f0c57b6ed3469a7087db2f4094a) Importer(815301076,1909f56bfc062723c751e8b465ee728b)
Start importing Assets/Audio/Instruments/Sax using Guid(1ec54f0c57b6ed3469a7087db2f4094a) Importer(815301076,1909f56bfc062723c751e8b465ee728b) [PhysX] Initialized MultithreadedTaskDispatcher with 24 workers.
 -> (artifact id: '0f54b4412f28ee7a8d8f58ad0b6d43b1') in 0.000615 seconds
Number of updated asset objects reloaded before import = 0
Number of asset objects unloaded after import = 0
========================================================================
Received Import Request.
  Time since last request: 23.597389 seconds.
  path: Assets/Audio/Instruments/Drum/fatdrum.mp3
  artifactKey: Guid(7bf155e08d3947d47942c995139a9b26) Importer(815301076,1909f56bfc062723c751e8b465ee728b)
Start importing Assets/Audio/Instruments/Drum/fatdrum.mp3 using Guid(7bf155e08d3947d47942c995139a9b26) Importer(815301076,1909f56bfc062723c751e8b465ee728b) [PhysX] Initialized MultithreadedTaskDispatcher with 24 workers.
[PhysX] Initialized MultithreadedTaskDispatcher with 24 workers.
 -> (artifact id: '7ba2dfc92b12e4651c50191d9063af47') in 0.013873 seconds
Number of updated asset objects reloaded before import = 0
Number of asset objects unloaded after import = 2
========================================================================
Received Import Request.
  Time since last request: 0.000024 seconds.
  path: Assets/Audio/Instruments/Drum/talldrum.mp3
  artifactKey: Guid(beca15b9803f5cc4a956b7acab5d7558) Importer(815301076,1909f56bfc062723c751e8b465ee728b)
Start importing Assets/Audio/Instruments/Drum/talldrum.mp3 using Guid(beca15b9803f5cc4a956b7acab5d7558) Importer(815301076,1909f56bfc062723c751e8b465ee728b) [PhysX] Initialized MultithreadedTaskDispatcher with 24 workers.
[PhysX] Initialized MultithreadedTaskDispatcher with 24 workers.
 -> (artifact id: '4bd896df18a92e0dc007158d45b49a8e') in 0.013026 seconds
Number of updated asset objects reloaded before import = 0
Number of asset objects unloaded after import = 2
========================================================================
Received Import Request.
  Time since last request: 135.608086 seconds.
  path: Assets/Audio/ambient
  artifactKey: Guid(9087fd7dd73d3cd4d98cf81c3a8eb3bb) Importer(815301076,1909f56bfc062723c751e8b465ee728b)
Start importing Assets/Audio/ambient using Guid(9087fd7dd73d3cd4d98cf81c3a8eb3bb) Importer(815301076,1909f56bfc062723c751e8b465ee728b) [PhysX] Initialized MultithreadedTaskDispatcher with 24 workers.
 -> (artifact id: 'c818378e32fe95a20eefd72c1c9c701d') in 0.000581 seconds
Number of updated asset objects reloaded before import = 0
Number of asset objects unloaded after import = 0
========================================================================
Received Import Request.
  Time since last request: 141.500585 seconds.
  path: Assets/Audio/ambient/IPHONE NOTIFICATION SOUND EFFECT (PINGDING).mp3
  artifactKey: Guid(437eccbeaf32c9247aa42a84aa5895b6) Importer(815301076,1909f56bfc062723c751e8b465ee728b)
Start importing Assets/Audio/ambient/IPHONE NOTIFICATION SOUND EFFECT (PINGDING).mp3 using Guid(437eccbeaf32c9247aa42a84aa5895b6) Importer(815301076,1909f56bfc062723c751e8b465ee728b) [PhysX] Initialized MultithreadedTaskDispatcher with 24 workers.
[PhysX] Initialized MultithreadedTaskDispatcher with 24 workers.
 -> (artifact id: '69954e87154ea4b3d9fa6a8e48315ba5') in 0.018773 seconds
Number of updated asset objects reloaded before import = 0
Number of asset objects unloaded after import = 2
========================================================================
Received Import Request.
  Time since last request: 1.982662 seconds.
  path: Assets/Audio/ambient/743355__qubodup__double-coughing.wav
  artifactKey: Guid(6204ada3da530d34994ecb62d480b40e) Importer(815301076,1909f56bfc062723c751e8b465ee728b)
Start importing Assets/Audio/ambient/743355__qubodup__double-coughing.wav using Guid(6204ada3da530d34994ecb62d480b40e) Importer(815301076,1909f56bfc062723c751e8b465ee728b) [PhysX] Initialized MultithreadedTaskDispatcher with 24 workers.
[PhysX] Initialized MultithreadedTaskDispatcher with 24 workers.
 -> (artifact id: 'c3b1aa2b9375349caa5c57a78099b86e') in 0.016543 seconds
Number of updated asset objects reloaded before import = 0
Number of asset objects unloaded after import = 2
========================================================================
Received Import Request.
  Time since last request: 5.964315 seconds.
  path: Assets/Audio/ambient/cough.wav
  artifactKey: Guid(6204ada3da530d34994ecb62d480b40e) Importer(815301076,1909f56bfc062723c751e8b465ee728b)
Start importing Assets/Audio/ambient/cough.wav using Guid(6204ada3da530d34994ecb62d480b40e) Importer(815301076,1909f56bfc062723c751e8b465ee728b) [PhysX] Initialized MultithreadedTaskDispatcher with 24 workers.
[PhysX] Initialized MultithreadedTaskDispatcher with 24 workers.
 -> (artifact id: '5599e2db3961577afcc2c20324d400c5') in 0.012685 seconds
Number of updated asset objects reloaded before import = 0
Number of asset objects unloaded after import = 2
========================================================================
Received Import Request.
  Time since last request: 555.016357 seconds.
  path: Assets/Audio/ambient/crowd
  artifactKey: Guid(df62677a4d4175e4fbb846031bc2c449) Importer(815301076,1909f56bfc062723c751e8b465ee728b)
Start importing Assets/Audio/ambient/crowd using Guid(df62677a4d4175e4fbb846031bc2c449) Importer(815301076,1909f56bfc062723c751e8b465ee728b) [PhysX] Initialized MultithreadedTaskDispatcher with 24 workers.
 -> (artifact id: 'ca4e61be14e4c15aef312eb54713ae3f') in 0.000657 seconds
Number of updated asset objects reloaded before import = 0
Number of asset objects unloaded after import = 0
========================================================================
Received Import Request.
  Time since last request: 10.919215 seconds.
  path: Assets/Audio/ambient/crowd/cheers
  artifactKey: Guid(f4e67517765826a4faf5c16327877fda) Importer(815301076,1909f56bfc062723c751e8b465ee728b)
Start importing Assets/Audio/ambient/crowd/cheers using Guid(f4e67517765826a4faf5c16327877fda) Importer(815301076,1909f56bfc062723c751e8b465ee728b) [PhysX] Initialized MultithreadedTaskDispatcher with 24 workers.
 -> (artifact id: 'f5f483a346c41cd313fb367a5bdd36cc') in 0.000624 seconds
Number of updated asset objects reloaded before import = 0
Number of asset objects unloaded after import = 0
========================================================================
Received Import Request.
  Time since last request: 26.891043 seconds.
  path: Assets/Audio/ambient/crowd/murmur.mp3
  artifactKey: Guid(1f2b51a9b284ba74daab2080ed581ef2) Importer(815301076,1909f56bfc062723c751e8b465ee728b)
Start importing Assets/Audio/ambient/crowd/murmur.mp3 using Guid(1f2b51a9b284ba74daab2080ed581ef2) Importer(815301076,1909f56bfc062723c751e8b465ee728b) [PhysX] Initialized MultithreadedTaskDispatcher with 24 workers.
[PhysX] Initialized MultithreadedTaskDispatcher with 24 workers.
 -> (artifact id: '84ca3a92a4d3dee1cb5b2e4b60533265') in 0.014381 seconds
Number of updated asset objects reloaded before import = 0
Number of asset objects unloaded after import = 2
========================================================================
Received Import Request.
  Time since last request: 747.562962 seconds.
  path: Assets/Import/guitar.prefab
  artifactKey: Guid(0f4ff29667341ce4687d2b17d7dff82a) Importer(815301076,1909f56bfc062723c751e8b465ee728b)
Start importing Assets/Import/guitar.prefab using Guid(0f4ff29667341ce4687d2b17d7dff82a) Importer(815301076,1909f56bfc062723c751e8b465ee728b) [PhysX] Initialized MultithreadedTaskDispatcher with 24 workers.
[PhysX] Initialized MultithreadedTaskDispatcher with 24 workers.
 -> (artifact id: '82350f7c85f03d571763ea2dd531dc9a') in 0.692674 seconds
Number of updated asset objects reloaded before import = 0
Number of asset objects unloaded after import = 48
========================================================================
Received Import Request.
  Time since last request: 8.346588 seconds.
  path: Assets/Import/materials/GoldBase2_2.mat
  artifactKey: Guid(1f1ce5e8b731d544391845f0efc92479) Importer(815301076,1909f56bfc062723c751e8b465ee728b)
Start importing Assets/Import/materials/GoldBase2_2.mat using Guid(1f1ce5e8b731d544391845f0efc92479) Importer(815301076,1909f56bfc062723c751e8b465ee728b) [PhysX] Initialized MultithreadedTaskDispatcher with 24 workers.
[PhysX] Initialized MultithreadedTaskDispatcher with 24 workers.
 -> (artifact id: '668dd639fed759d14814b68ac39a1d73') in 0.033405 seconds
Number of updated asset objects reloaded before import = 0
Number of asset objects unloaded after import = 3
========================================================================
Received Import Request.
  Time since last request: 27.556767 seconds.
  path: Assets/Import/textures/GoldBase2_metallicRoughness_1.png
  artifactKey: Guid(8c4fe5b4ef06f7444aff84482e78b60e) Importer(815301076,1909f56bfc062723c751e8b465ee728b)
Start importing Assets/Import/textures/GoldBase2_metallicRoughness_1.png using Guid(8c4fe5b4ef06f7444aff84482e78b60e) Importer(815301076,1909f56bfc062723c751e8b465ee728b) [PhysX] Initialized MultithreadedTaskDispatcher with 24 workers.
[PhysX] Initialized MultithreadedTaskDispatcher with 24 workers.
 -> (artifact id: '496932858d0b91876c959c3bbd8da74e') in 0.075258 seconds
Number of updated asset objects reloaded before import = 0
Number of asset objects unloaded after import = 2
========================================================================
Received Import Request.
  Time since last request: 0.000040 seconds.
  path: Assets/Import/textures/lambert1_baseColor_0.png
  artifactKey: Guid(fe6d541994a197140a377282b1e29b1c) Importer(815301076,1909f56bfc062723c751e8b465ee728b)
Start importing Assets/Import/textures/lambert1_baseColor_0.png using Guid(fe6d541994a197140a377282b1e29b1c) Importer(815301076,1909f56bfc062723c751e8b465ee728b) [PhysX] Initialized MultithreadedTaskDispatcher with 24 workers.
[PhysX] Initialized MultithreadedTaskDispatcher with 24 workers.
 -> (artifact id: 'ae008035c46f5b64377f1fd3d5657cb8') in 0.021012 seconds
Number of updated asset objects reloaded before import = 0
Number of asset objects unloaded after import = 2
========================================================================
Received Import Request.
  Time since last request: 0.000029 seconds.
  path: Assets/Import/textures/Material_25_baseColor_0.png
  artifactKey: Guid(58df23b1e1b1cf043b3e75ad0ab67502) Importer(815301076,1909f56bfc062723c751e8b465ee728b)
Start importing Assets/Import/textures/Material_25_baseColor_0.png using Guid(58df23b1e1b1cf043b3e75ad0ab67502) Importer(815301076,1909f56bfc062723c751e8b465ee728b) [PhysX] Initialized MultithreadedTaskDispatcher with 24 workers.
[PhysX] Initialized MultithreadedTaskDispatcher with 24 workers.
 -> (artifact id: '0b5ed2060e8eca10dac3eff44e76e3e8') in 0.020643 seconds
Number of updated asset objects reloaded before import = 0
Number of asset objects unloaded after import = 2
========================================================================
Received Import Request.
  Time since last request: 0.000020 seconds.
  path: Assets/Import/textures/material_0_normal_2.png
  artifactKey: Guid(dbc488f8cbc4de340bd82b06b37ceb0d) Importer(815301076,1909f56bfc062723c751e8b465ee728b)
Start importing Assets/Import/textures/material_0_normal_2.png using Guid(dbc488f8cbc4de340bd82b06b37ceb0d) Importer(815301076,1909f56bfc062723c751e8b465ee728b) [PhysX] Initialized MultithreadedTaskDispatcher with 24 workers.
[PhysX] Initialized MultithreadedTaskDispatcher with 24 workers.
 -> (artifact id: '1d9ea5e87cd15d83bc73448544e1b10c') in 0.054817 seconds
Number of updated asset objects reloaded before import = 0
Number of asset objects unloaded after import = 2
========================================================================
Received Import Request.
  Time since last request: 0.000025 seconds.
  path: Assets/Import/textures/material_0_metallicRoughness_1_metal.png
  artifactKey: Guid(6c8181c9b42b0f945b3ae36fa8d4c5fe) Importer(815301076,1909f56bfc062723c751e8b465ee728b)
Start importing Assets/Import/textures/material_0_metallicRoughness_1_metal.png using Guid(6c8181c9b42b0f945b3ae36fa8d4c5fe) Importer(815301076,1909f56bfc062723c751e8b465ee728b) [PhysX] Initialized MultithreadedTaskDispatcher with 24 workers.
[PhysX] Initialized MultithreadedTaskDispatcher with 24 workers.
 -> (artifact id: '29ef6b11827e6a4d0d68470b8171f49c') in 0.050791 seconds
Number of updated asset objects reloaded before import = 0
Number of asset objects unloaded after import = 2
========================================================================
Received Import Request.
  Time since last request: 0.000027 seconds.
  path: Assets/Import/textures/lambert1_metallicRoughness_1_metal.png
  artifactKey: Guid(fad569eb421518240815344f84cd5cef) Importer(815301076,1909f56bfc062723c751e8b465ee728b)
Start importing Assets/Import/textures/lambert1_metallicRoughness_1_metal.png using Guid(fad569eb421518240815344f84cd5cef) Importer(815301076,1909f56bfc062723c751e8b465ee728b) [PhysX] Initialized MultithreadedTaskDispatcher with 24 workers.
[PhysX] Initialized MultithreadedTaskDispatcher with 24 workers.
 -> (artifact id: 'a9b4664deb8e6ae2f9f0c4fd874adcd2') in 0.020167 seconds
Number of updated asset objects reloaded before import = 0
Number of asset objects unloaded after import = 2
========================================================================
Received Import Request.
  Time since last request: 0.667708 seconds.
  path: Assets/Import/meshes/Box001_GoldBase_0_10_0.asset
  artifactKey: Guid(55e2d6a04ad79b24ea9c425d0d01c6b7) Importer(815301076,1909f56bfc062723c751e8b465ee728b)
Start importing Assets/Import/meshes/Box001_GoldBase_0_10_0.asset using Guid(55e2d6a04ad79b24ea9c425d0d01c6b7) Importer(815301076,1909f56bfc062723c751e8b465ee728b) [PhysX] Initialized MultithreadedTaskDispatcher with 24 workers.
[PhysX] Initialized MultithreadedTaskDispatcher with 24 workers.
 -> (artifact id: 'a05f2aecc72d14d6140d69bc3074c123') in 0.051257 seconds
Number of updated asset objects reloaded before import = 0
Number of asset objects unloaded after import = 2
========================================================================
Received Import Request.
  Time since last request: 0.000026 seconds.
  path: Assets/Import/meshes/Cylinder030_GoldBase_0_43_0.asset
  artifactKey: Guid(0680c996a444fdd48a003dd51351d369) Importer(815301076,1909f56bfc062723c751e8b465ee728b)
Start importing Assets/Import/meshes/Cylinder030_GoldBase_0_43_0.asset using Guid(0680c996a444fdd48a003dd51351d369) Importer(815301076,1909f56bfc062723c751e8b465ee728b) [PhysX] Initialized MultithreadedTaskDispatcher with 24 workers.
[PhysX] Initialized MultithreadedTaskDispatcher with 24 workers.
 -> (artifact id: 'fbc9236e3625ffd4a7207e9f9306a25a') in 0.016855 seconds
Number of updated asset objects reloaded before import = 0
Number of asset objects unloaded after import = 2
========================================================================
Received Import Request.
  Time since last request: 0.000025 seconds.
  path: Assets/Import/meshes/Circle030_GoldBase_0_122_0.asset
  artifactKey: Guid(137c118184d87eb4eaf174265593eed6) Importer(815301076,1909f56bfc062723c751e8b465ee728b)
Start importing Assets/Import/meshes/Circle030_GoldBase_0_122_0.asset using Guid(137c118184d87eb4eaf174265593eed6) Importer(815301076,1909f56bfc062723c751e8b465ee728b) [PhysX] Initialized MultithreadedTaskDispatcher with 24 workers.
[PhysX] Initialized MultithreadedTaskDispatcher with 24 workers.
 -> (artifact id: '7bb3465841e72defaefaf95ad7878415') in 0.013276 seconds
Number of updated asset objects reloaded before import = 0
Number of asset objects unloaded after import = 2
========================================================================
Received Import Request.
  Time since last request: 0.000017 seconds.
  path: Assets/Import/meshes/Cylinder031_GoldBase_0_59_0.asset
  artifactKey: Guid(e3c47fe136339c5418a910355ca9badf) Importer(815301076,1909f56bfc062723c751e8b465ee728b)
Start importing Assets/Import/meshes/Cylinder031_GoldBase_0_59_0.asset using Guid(e3c47fe136339c5418a910355ca9badf) Importer(815301076,1909f56bfc062723c751e8b465ee728b) [PhysX] Initialized MultithreadedTaskDispatcher with 24 workers.
[PhysX] Initialized MultithreadedTaskDispatcher with 24 workers.
 -> (artifact id: 'f8eacf415c7fbe6c8525266c75e39ddd') in 0.013844 seconds
Number of updated asset objects reloaded before import = 0
Number of asset objects unloaded after import = 2
========================================================================
Received Import Request.
  Time since last request: 0.000024 seconds.
  path: Assets/Import/meshes/Cylinder007_GoldBase2_0_17_0.asset
  artifactKey: Guid(1853e9407731a8c49898932cc7353581) Importer(815301076,1909f56bfc062723c751e8b465ee728b)
Start importing Assets/Import/meshes/Cylinder007_GoldBase2_0_17_0.asset using Guid(1853e9407731a8c49898932cc7353581) Importer(815301076,1909f56bfc062723c751e8b465ee728b) [PhysX] Initialized MultithreadedTaskDispatcher with 24 workers.
[PhysX] Initialized MultithreadedTaskDispatcher with 24 workers.
 -> (artifact id: '6e71cf221da0cb5a1ef90a66135dabd5') in 0.015317 seconds
Number of updated asset objects reloaded before import = 0
Number of asset objects unloaded after import = 2
========================================================================
Received Import Request.
  Time since last request: 0.000029 seconds.
  path: Assets/Import/meshes/Circle016_GoldBase_0_79_0.asset
  artifactKey: Guid(ea9aecb45870c414797b7ae1275f82f0) Importer(815301076,1909f56bfc062723c751e8b465ee728b)
Start importing Assets/Import/meshes/Circle016_GoldBase_0_79_0.asset using Guid(ea9aecb45870c414797b7ae1275f82f0) Importer(815301076,1909f56bfc062723c751e8b465ee728b) [PhysX] Initialized MultithreadedTaskDispatcher with 24 workers.
[PhysX] Initialized MultithreadedTaskDispatcher with 24 workers.
 -> (artifact id: '90da67e50384ebb119b04767944da1a3') in 0.007824 seconds
Number of updated asset objects reloaded before import = 0
Number of asset objects unloaded after import = 2
========================================================================
Received Import Request.
  Time since last request: 0.000025 seconds.
  path: Assets/Import/meshes/Cylinder020_GoldBase_0_31_0.asset
  artifactKey: Guid(adcce415faac8794fb8b5df8f0cdd48d) Importer(815301076,1909f56bfc062723c751e8b465ee728b)
Start importing Assets/Import/meshes/Cylinder020_GoldBase_0_31_0.asset using Guid(adcce415faac8794fb8b5df8f0cdd48d) Importer(815301076,1909f56bfc062723c751e8b465ee728b) [PhysX] Initialized MultithreadedTaskDispatcher with 24 workers.
[PhysX] Initialized MultithreadedTaskDispatcher with 24 workers.
 -> (artifact id: 'a09a6b4da0aee72205e189a210b38661') in 0.017501 seconds
Number of updated asset objects reloaded before import = 0
Number of asset objects unloaded after import = 2
========================================================================
Received Import Request.
  Time since last request: 0.000020 seconds.
  path: Assets/Import/meshes/Cylinder004_GoldBase2_0_6_0.asset
  artifactKey: Guid(d32230f25fd4a7349ab0b5a2f556088a) Importer(815301076,1909f56bfc062723c751e8b465ee728b)
Start importing Assets/Import/meshes/Cylinder004_GoldBase2_0_6_0.asset using Guid(d32230f25fd4a7349ab0b5a2f556088a) Importer(815301076,1909f56bfc062723c751e8b465ee728b) [PhysX] Initialized MultithreadedTaskDispatcher with 24 workers.
[PhysX] Initialized MultithreadedTaskDispatcher with 24 workers.
 -> (artifact id: '8a4d2c456d8f57119ae9ad064254c42d') in 0.013336 seconds
Number of updated asset objects reloaded before import = 0
Number of asset objects unloaded after import = 2
========================================================================
Received Import Request.
  Time since last request: 0.000025 seconds.
  path: Assets/Import/meshes/Circle031_GoldBase_0_123_0.asset
  artifactKey: Guid(7c9c6ac4b9102ea47b20e0a07503ac99) Importer(815301076,1909f56bfc062723c751e8b465ee728b)
Start importing Assets/Import/meshes/Circle031_GoldBase_0_123_0.asset using Guid(7c9c6ac4b9102ea47b20e0a07503ac99) Importer(815301076,1909f56bfc062723c751e8b465ee728b) [PhysX] Initialized MultithreadedTaskDispatcher with 24 workers.
[PhysX] Initialized MultithreadedTaskDispatcher with 24 workers.
 -> (artifact id: '7b52e5e3451a3c96dded7db76e64eb6c') in 0.007306 seconds
Number of updated asset objects reloaded before import = 0
Number of asset objects unloaded after import = 2
========================================================================
Received Import Request.
  Time since last request: 0.000025 seconds.
  path: Assets/Import/meshes/Circle017_GoldBase_0_80_0.asset
  artifactKey: Guid(83f9bd1e689e24d488b76b36fd337645) Importer(815301076,1909f56bfc062723c751e8b465ee728b)
Start importing Assets/Import/meshes/Circle017_GoldBase_0_80_0.asset using Guid(83f9bd1e689e24d488b76b36fd337645) Importer(815301076,1909f56bfc062723c751e8b465ee728b) [PhysX] Initialized MultithreadedTaskDispatcher with 24 workers.
[PhysX] Initialized MultithreadedTaskDispatcher with 24 workers.
 -> (artifact id: '66993498f8fc717d96539c4bdf676b95') in 0.006849 seconds
Number of updated asset objects reloaded before import = 0
Number of asset objects unloaded after import = 2
========================================================================
Received Import Request.
  Time since last request: 0.000024 seconds.
  path: Assets/Import/meshes/Cylinder009_GoldBase_0_22_0.asset
  artifactKey: Guid(0047b8d6b2293b1488c218f53204037b) Importer(815301076,1909f56bfc062723c751e8b465ee728b)
Start importing Assets/Import/meshes/Cylinder009_GoldBase_0_22_0.asset using Guid(0047b8d6b2293b1488c218f53204037b) Importer(815301076,1909f56bfc062723c751e8b465ee728b) [PhysX] Initialized MultithreadedTaskDispatcher with 24 workers.
[PhysX] Initialized MultithreadedTaskDispatcher with 24 workers.
 -> (artifact id: '36e5c41d78130fa8dea82cbb2db88644') in 0.015291 seconds
Number of updated asset objects reloaded before import = 0
Number of asset objects unloaded after import = 2
========================================================================
Received Import Request.
  Time since last request: 0.000020 seconds.
  path: Assets/Import/meshes/Cylinder021_GoldBase_0_32_0.asset
  artifactKey: Guid(48b5b2ada8001dc4db7f56b347364a9a) Importer(815301076,1909f56bfc062723c751e8b465ee728b)
Start importing Assets/Import/meshes/Cylinder021_GoldBase_0_32_0.asset using Guid(48b5b2ada8001dc4db7f56b347364a9a) Importer(815301076,1909f56bfc062723c751e8b465ee728b) [PhysX] Initialized MultithreadedTaskDispatcher with 24 workers.
[PhysX] Initialized MultithreadedTaskDispatcher with 24 workers.
 -> (artifact id: 'ecf4406aa8a6ca7feaab4fe614442e2e') in 0.008724 seconds
Number of updated asset objects reloaded before import = 0
Number of asset objects unloaded after import = 2
========================================================================
Received Import Request.
  Time since last request: 0.000016 seconds.
  path: Assets/Import/meshes/Circle028_GoldBase_0_120_0.asset
  artifactKey: Guid(3ef22bfce9a15e3468c554cb5605e456) Importer(815301076,1909f56bfc062723c751e8b465ee728b)
Start importing Assets/Import/meshes/Circle028_GoldBase_0_120_0.asset using Guid(3ef22bfce9a15e3468c554cb5605e456) Importer(815301076,1909f56bfc062723c751e8b465ee728b) [PhysX] Initialized MultithreadedTaskDispatcher with 24 workers.
[PhysX] Initialized MultithreadedTaskDispatcher with 24 workers.
 -> (artifact id: '465cbc7648393237039d5c6ee04e6b50') in 0.006643 seconds
Number of updated asset objects reloaded before import = 0
Number of asset objects unloaded after import = 2
========================================================================
Received Import Request.
  Time since last request: 0.000015 seconds.
  path: Assets/Import/meshes/Cylinder017_GoldBase2_0_28_0.asset
  artifactKey: Guid(1a72e91610562d44d827dbc2c78c7e3c) Importer(815301076,1909f56bfc062723c751e8b465ee728b)
Start importing Assets/Import/meshes/Cylinder017_GoldBase2_0_28_0.asset using Guid(1a72e91610562d44d827dbc2c78c7e3c) Importer(815301076,1909f56bfc062723c751e8b465ee728b) [PhysX] Initialized MultithreadedTaskDispatcher with 24 workers.
[PhysX] Initialized MultithreadedTaskDispatcher with 24 workers.
 -> (artifact id: '47307de7c2adc1853d68975b641af319') in 0.013848 seconds
Number of updated asset objects reloaded before import = 0
Number of asset objects unloaded after import = 2
========================================================================
Received Import Request.
  Time since last request: 0.000028 seconds.
  path: Assets/Import/meshes/Cylinder008_GoldBase_0_20_0.asset
  artifactKey: Guid(7686226eb0bcf7148aff042fe4c788b1) Importer(815301076,1909f56bfc062723c751e8b465ee728b)
Start importing Assets/Import/meshes/Cylinder008_GoldBase_0_20_0.asset using Guid(7686226eb0bcf7148aff042fe4c788b1) Importer(815301076,1909f56bfc062723c751e8b465ee728b) [PhysX] Initialized MultithreadedTaskDispatcher with 24 workers.
[PhysX] Initialized MultithreadedTaskDispatcher with 24 workers.
 -> (artifact id: 'e9b06d97dc070a21760b2d3c862895fd') in 0.008190 seconds
Number of updated asset objects reloaded before import = 0
Number of asset objects unloaded after import = 2
========================================================================
Received Import Request.
  Time since last request: 0.000023 seconds.
  path: Assets/Import/meshes/Cylinder022_GoldBase2_0_33_0.asset
  artifactKey: Guid(9c00cffc45358cc4b8018d726cdd65e8) Importer(815301076,1909f56bfc062723c751e8b465ee728b)
Start importing Assets/Import/meshes/Cylinder022_GoldBase2_0_33_0.asset using Guid(9c00cffc45358cc4b8018d726cdd65e8) Importer(815301076,1909f56bfc062723c751e8b465ee728b) [PhysX] Initialized MultithreadedTaskDispatcher with 24 workers.
[PhysX] Initialized MultithreadedTaskDispatcher with 24 workers.
 -> (artifact id: 'd5f40b376cddef638088876563d9e829') in 0.013182 seconds
Number of updated asset objects reloaded before import = 0
Number of asset objects unloaded after import = 2
========================================================================
Received Import Request.
  Time since last request: 0.000037 seconds.
  path: Assets/Import/meshes/Circle018_GoldBase_0_81_0.asset
  artifactKey: Guid(40410b104d7050e4d8f89f0730237db8) Importer(815301076,1909f56bfc062723c751e8b465ee728b)
Start importing Assets/Import/meshes/Circle018_GoldBase_0_81_0.asset using Guid(40410b104d7050e4d8f89f0730237db8) Importer(815301076,1909f56bfc062723c751e8b465ee728b) [PhysX] Initialized MultithreadedTaskDispatcher with 24 workers.
[PhysX] Initialized MultithreadedTaskDispatcher with 24 workers.
 -> (artifact id: 'dfd7c2810921b1c529120ed5e33718c6') in 0.007489 seconds
Number of updated asset objects reloaded before import = 0
Number of asset objects unloaded after import = 2
========================================================================
Received Import Request.
  Time since last request: 0.000017 seconds.
  path: Assets/Import/meshes/Cylinder013_GoldBase_0_24_0.asset
  artifactKey: Guid(c51b9788a3839b1428d705d5a0bdd8fe) Importer(815301076,1909f56bfc062723c751e8b465ee728b)
Start importing Assets/Import/meshes/Cylinder013_GoldBase_0_24_0.asset using Guid(c51b9788a3839b1428d705d5a0bdd8fe) Importer(815301076,1909f56bfc062723c751e8b465ee728b) [PhysX] Initialized MultithreadedTaskDispatcher with 24 workers.
[PhysX] Initialized MultithreadedTaskDispatcher with 24 workers.
 -> (artifact id: '0aa6931d10febe719416e8a3b0b5411d') in 0.015179 seconds
Number of updated asset objects reloaded before import = 0
Number of asset objects unloaded after import = 2
========================================================================
Received Import Request.
  Time since last request: 0.000025 seconds.
  path: Assets/Import/meshes/Circle025_GoldBase_0_117_0.asset
  artifactKey: Guid(e40037a33f83b4a4f8fd01ab66a2e1d4) Importer(815301076,1909f56bfc062723c751e8b465ee728b)
Start importing Assets/Import/meshes/Circle025_GoldBase_0_117_0.asset using Guid(e40037a33f83b4a4f8fd01ab66a2e1d4) Importer(815301076,1909f56bfc062723c751e8b465ee728b) [PhysX] Initialized MultithreadedTaskDispatcher with 24 workers.
[PhysX] Initialized MultithreadedTaskDispatcher with 24 workers.
 -> (artifact id: '2285aeb4cec18ede5072ca91f60b9460') in 0.014048 seconds
Number of updated asset objects reloaded before import = 0
Number of asset objects unloaded after import = 2
========================================================================
Received Import Request.
  Time since last request: 0.000021 seconds.
  path: Assets/Import/meshes/Cylinder019_GoldBase_0_30_0.asset
  artifactKey: Guid(27231d02cd7de7f458ac62a8edf7a031) Importer(815301076,1909f56bfc062723c751e8b465ee728b)
Start importing Assets/Import/meshes/Cylinder019_GoldBase_0_30_0.asset using Guid(27231d02cd7de7f458ac62a8edf7a031) Importer(815301076,1909f56bfc062723c751e8b465ee728b) [PhysX] Initialized MultithreadedTaskDispatcher with 24 workers.
[PhysX] Initialized MultithreadedTaskDispatcher with 24 workers.
 -> (artifact id: '599740f91a5eadeb7a55b113a5a93a2e') in 0.008721 seconds
Number of updated asset objects reloaded before import = 0
Number of asset objects unloaded after import = 2
========================================================================
Received Import Request.
  Time since last request: 0.000020 seconds.
  path: Assets/Import/meshes/Box003_GoldBase_0_13_0.asset
  artifactKey: Guid(9e1a7d42d440d8c44b427d78ea188d79) Importer(815301076,1909f56bfc062723c751e8b465ee728b)
Start importing Assets/Import/meshes/Box003_GoldBase_0_13_0.asset using Guid(9e1a7d42d440d8c44b427d78ea188d79) Importer(815301076,1909f56bfc062723c751e8b465ee728b) [PhysX] Initialized MultithreadedTaskDispatcher with 24 workers.
[PhysX] Initialized MultithreadedTaskDispatcher with 24 workers.
 -> (artifact id: '3e10cc5270a39fcca08b9965a7c725ac') in 0.013750 seconds
Number of updated asset objects reloaded before import = 0
Number of asset objects unloaded after import = 2
========================================================================
Received Import Request.
  Time since last request: 0.000020 seconds.
  path: Assets/Import/meshes/Circle029_GoldBase_0_121_0.asset
  artifactKey: Guid(e2f6fb4f84c9d4341a900ee2167abd7b) Importer(815301076,1909f56bfc062723c751e8b465ee728b)
Start importing Assets/Import/meshes/Circle029_GoldBase_0_121_0.asset using Guid(e2f6fb4f84c9d4341a900ee2167abd7b) Importer(815301076,1909f56bfc062723c751e8b465ee728b) [PhysX] Initialized MultithreadedTaskDispatcher with 24 workers.
[PhysX] Initialized MultithreadedTaskDispatcher with 24 workers.
 -> (artifact id: '61d13c179dd7187d69197165e4b71a2b') in 0.007351 seconds
Number of updated asset objects reloaded before import = 0
Number of asset objects unloaded after import = 2
========================================================================
Received Import Request.
  Time since last request: 0.000026 seconds.
  path: Assets/Import/meshes/Circle013_GoldBase_0_39_0.asset
  artifactKey: Guid(f24aea212c7aeff4582fea37ee8e4431) Importer(815301076,1909f56bfc062723c751e8b465ee728b)
Start importing Assets/Import/meshes/Circle013_GoldBase_0_39_0.asset using Guid(f24aea212c7aeff4582fea37ee8e4431) Importer(815301076,1909f56bfc062723c751e8b465ee728b) [PhysX] Initialized MultithreadedTaskDispatcher with 24 workers.
[PhysX] Initialized MultithreadedTaskDispatcher with 24 workers.
 -> (artifact id: '276b3ec52e54f32048f207e805579151') in 0.007115 seconds
Number of updated asset objects reloaded before import = 0
Number of asset objects unloaded after import = 2
========================================================================
Received Import Request.
  Time since last request: 0.000035 seconds.
  path: Assets/Import/meshes/Cylinder016_GoldBase_0_27_0.asset
  artifactKey: Guid(92bc709dd847faa4e9b8559abe2261af) Importer(815301076,1909f56bfc062723c751e8b465ee728b)
Start importing Assets/Import/meshes/Cylinder016_GoldBase_0_27_0.asset using Guid(92bc709dd847faa4e9b8559abe2261af) Importer(815301076,1909f56bfc062723c751e8b465ee728b) [PhysX] Initialized MultithreadedTaskDispatcher with 24 workers.
[PhysX] Initialized MultithreadedTaskDispatcher with 24 workers.
 -> (artifact id: 'e0574d6621937aca32fa9ae827338dc1') in 0.008691 seconds
Number of updated asset objects reloaded before import = 0
Number of asset objects unloaded after import = 2
========================================================================
Received Import Request.
  Time since last request: 0.000019 seconds.
  path: Assets/Import/meshes/Cylinder015_GoldBase_0_26_0.asset
  artifactKey: Guid(6f0145844f61ec847ac71d5136129595) Importer(815301076,1909f56bfc062723c751e8b465ee728b)
Start importing Assets/Import/meshes/Cylinder015_GoldBase_0_26_0.asset using Guid(6f0145844f61ec847ac71d5136129595) Importer(815301076,1909f56bfc062723c751e8b465ee728b) [PhysX] Initialized MultithreadedTaskDispatcher with 24 workers.
[PhysX] Initialized MultithreadedTaskDispatcher with 24 workers.
 -> (artifact id: '300371922c682429901f81692ecc3bdc') in 0.009613 seconds
Number of updated asset objects reloaded before import = 0
Number of asset objects unloaded after import = 2
========================================================================
Received Import Request.
  Time since last request: 0.000035 seconds.
  path: Assets/Import/meshes/Cylinder002_GoldBase_0_4_0.asset
  artifactKey: Guid(4ba49762cfe11be4583239a3cb77dfa9) Importer(815301076,1909f56bfc062723c751e8b465ee728b)
Start importing Assets/Import/meshes/Cylinder002_GoldBase_0_4_0.asset using Guid(4ba49762cfe11be4583239a3cb77dfa9) Importer(815301076,1909f56bfc062723c751e8b465ee728b) [PhysX] Initialized MultithreadedTaskDispatcher with 24 workers.
[PhysX] Initialized MultithreadedTaskDispatcher with 24 workers.
 -> (artifact id: 'e0b1334a622adec89cda322f4bf7f87a') in 0.015410 seconds
Number of updated asset objects reloaded before import = 0
Number of asset objects unloaded after import = 2
Editor requested this worker to shutdown with reason: Scaling down because of idle timeout
TcpMessagingSession - receive error: operation aborted. errorcode: 995, details: The I/O operation has been aborted because of either a thread exit or an application request.
AssetImportWorker is now disconnected from the server
Process exiting
Exiting without the bug reporter. Application will terminate with return code 0